Using pre-set license
Built from '2022.3/staging' branch; Version is '2022.3.42f1 (2dcb6a0abc42) revision 3001194'; Using compiler version '192829333'; Build Type 'Release'
OS: 'Windows 11  (10.0.22631) 64bit CoreSingleLanguage' Language: 'es' Physical Memory: 7829 MB
BatchMode: 1, IsHumanControllingUs: 0, StartBugReporterOnCrash: 0, Is64bit: 1, IsPro: 1

COMMAND LINE ARGUMENTS:
C:\Program Files\Unity\Hub\Editor\2022.3.42f1\Editor\Unity.exe
-adb2
-batchMode
-noUpm
-name
AssetImportWorker0
-projectPath
C:/Users/Virus/Proyecto_Semestre
-logFile
Logs/AssetImportWorker0.log
-srvPort
59683
Successfully changed project path to: C:/Users/Virus/Proyecto_Semestre
C:/Users/Virus/Proyecto_Semestre
[UnityMemory] Configuration Parameters - Can be set up in boot.config
    "memorysetup-bucket-allocator-granularity=16"
    "memorysetup-bucket-allocator-bucket-count=8"
    "memorysetup-bucket-allocator-block-size=33554432"
    "memorysetup-bucket-allocator-block-count=8"
    "memorysetup-main-allocator-block-size=16777216"
    "memorysetup-thread-allocator-block-size=16777216"
    "memorysetup-gfx-main-allocator-block-size=16777216"
    "memorysetup-gfx-thread-allocator-block-size=16777216"
    "memorysetup-cache-allocator-block-size=4194304"
    "memorysetup-typetree-allocator-block-size=2097152"
    "memorysetup-profiler-bucket-allocator-granularity=16"
    "memorysetup-profiler-bucket-allocator-bucket-count=8"
    "memorysetup-profiler-bucket-allocator-block-size=33554432"
    "memorysetup-profiler-bucket-allocator-block-count=8"
    "memorysetup-profiler-allocator-block-size=16777216"
    "memorysetup-profiler-editor-allocator-block-size=1048576"
    "memorysetup-temp-allocator-size-main=16777216"
    "memorysetup-job-temp-allocator-block-size=2097152"
    "memorysetup-job-temp-allocator-block-size-background=1048576"
    "memorysetup-job-temp-allocator-reduction-small-platforms=262144"
    "memorysetup-allocator-temp-initial-block-size-main=262144"
    "memorysetup-allocator-temp-initial-block-size-worker=262144"
    "memorysetup-temp-allocator-size-background-worker=32768"
    "memorysetup-temp-allocator-size-job-worker=262144"
    "memorysetup-temp-allocator-size-preload-manager=33554432"
    "memorysetup-temp-allocator-size-nav-mesh-worker=65536"
    "memorysetup-temp-allocator-size-audio-worker=65536"
    "memorysetup-temp-allocator-size-cloud-worker=32768"
    "memorysetup-temp-allocator-size-gi-baking-worker=262144"
    "memorysetup-temp-allocator-size-gfx=262144"
Player connection [9804]  Target information:

Player connection [9804]  * "[IP] 192.168.56.1 [Port] 0 [Flags] 2 [Guid] 520540090 [EditorId] 520540090 [Version] 1048832 [Id] WindowsEditor(7,Victorio) [Debug] 1 [PackageName] WindowsEditor [ProjectName] Editor" 

Player connection [9804]  * "[IP] 10.30.16.47 [Port] 0 [Flags] 2 [Guid] 520540090 [EditorId] 520540090 [Version] 1048832 [Id] WindowsEditor(7,Victorio) [Debug] 1 [PackageName] WindowsEditor [ProjectName] Editor" 

Player connection [9804] Host joined multi-casting on [225.0.0.222:54997]...
Player connection [9804] Host joined alternative multi-casting on [225.0.0.222:34997]...
[PhysX] Initialized MultithreadedTaskDispatcher with 12 workers.
Refreshing native plugins compatible for Editor in 152.15 ms, found 4 plugins.
Preloading 0 native plugins for Editor in 0.00 ms.
Initialize engine version: 2022.3.42f1 (2dcb6a0abc42)
[Subsystems] Discovering subsystems at path C:/Program Files/Unity/Hub/Editor/2022.3.42f1/Editor/Data/Resources/UnitySubsystems
[Subsystems] Discovering subsystems at path C:/Users/Virus/Proyecto_Semestre/Assets
GfxDevice: creating device client; threaded=0; jobified=0
Direct3D:
    Version:  Direct3D 11.0 [level 11.1]
    Renderer: NVIDIA GeForce RTX 3050 Ti Laptop GPU (ID=0x25a0)
    Vendor:   NVIDIA
    VRAM:     3962 MB
    Driver:   32.0.15.5613
Initialize mono
Mono path[0] = 'C:/Program Files/Unity/Hub/Editor/2022.3.42f1/Editor/Data/Managed'
Mono path[1] = 'C:/Program Files/Unity/Hub/Editor/2022.3.42f1/Editor/Data/MonoBleedingEdge/lib/mono/unityjit-win32'
Mono config path = 'C:/Program Files/Unity/Hub/Editor/2022.3.42f1/Editor/Data/MonoBleedingEdge/etc'
Using monoOptions --debugger-agent=transport=dt_socket,embedding=1,server=y,suspend=n,address=127.0.0.1:56816
Begin MonoManager ReloadAssembly
Registering precompiled unity dll's ...
Register platform support module: C:/Program Files/Unity/Hub/Editor/2022.3.42f1/Editor/Data/PlaybackEngines/WebGLSupport/UnityEditor.WebGL.Extensions.dll
Register platform support module: C:/Program Files/Unity/Hub/Editor/2022.3.42f1/Editor/Data/PlaybackEngines/WindowsStandaloneSupport/UnityEditor.WindowsStandalone.Extensions.dll
Registered in 0.008624 seconds.
- Loaded All Assemblies, in  0.497 seconds
Native extension for WindowsStandalone target not found
Native extension for WebGL target not found
Mono: successfully reloaded assembly
- Finished resetting the current domain, in  0.275 seconds
Domain Reload Profiling: 771ms
	BeginReloadAssembly (111ms)
		ExecutionOrderSort (0ms)
		DisableScriptedObjects (0ms)
		BackupInstance (0ms)
		ReleaseScriptingObjects (0ms)
		CreateAndSetChildDomain (1ms)
	RebuildCommonClasses (37ms)
	RebuildNativeTypeToScriptingClass (9ms)
	initialDomainReloadingComplete (61ms)
	LoadAllAssembliesAndSetupDomain (276ms)
		LoadAssemblies (109ms)
		RebuildTransferFunctionScriptingTraits (0ms)
		AnalyzeDomain (274ms)
			TypeCache.Refresh (272ms)
				TypeCache.ScanAssembly (256ms)
			ScanForSourceGeneratedMonoScriptInfo (0ms)
			ResolveRequiredComponents (1ms)
	FinalizeReload (275ms)
		ReleaseScriptCaches (0ms)
		RebuildScriptCaches (0ms)
		SetupLoadedEditorAssemblies (229ms)
			LogAssemblyErrors (0ms)
			InitializePlatformSupportModulesInManaged (10ms)
			SetLoadedEditorAssemblies (6ms)
			RefreshPlugins (0ms)
			BeforeProcessingInitializeOnLoad (2ms)
			ProcessInitializeOnLoadAttributes (156ms)
			ProcessInitializeOnLoadMethodAttributes (55ms)
			AfterProcessingInitializeOnLoad (0ms)
			EditorAssembliesLoaded (0ms)
		ExecutionOrderSort2 (0ms)
		AwakeInstancesAfterBackupRestoration (0ms)
========================================================================
Worker process is ready to serve import requests
Caller must complete domain reload
Begin MonoManager ReloadAssembly
- Loaded All Assemblies, in  0.791 seconds
Native extension for WindowsStandalone target not found
Native extension for WebGL target not found
Package Manager log level set to [2]
[Package Manager] Server::EnsureServerProcessIsRunning -- launch failed, reason: Unity was launched with the -noUpm command-line argument
[Package Manager] UpmClient::Send -- Unable to send message (not connected to UPM process).
[Package Manager] Cannot connect to Unity Package Manager local server
Mono: successfully reloaded assembly
- Finished resetting the current domain, in  0.917 seconds
Domain Reload Profiling: 1708ms
	BeginReloadAssembly (207ms)
		ExecutionOrderSort (0ms)
		DisableScriptedObjects (6ms)
		BackupInstance (0ms)
		ReleaseScriptingObjects (0ms)
		CreateAndSetChildDomain (39ms)
	RebuildCommonClasses (42ms)
	RebuildNativeTypeToScriptingClass (9ms)
	initialDomainReloadingComplete (44ms)
	LoadAllAssembliesAndSetupDomain (488ms)
		LoadAssemblies (377ms)
		RebuildTransferFunctionScriptingTraits (0ms)
		AnalyzeDomain (226ms)
			TypeCache.Refresh (187ms)
				TypeCache.ScanAssembly (165ms)
			ScanForSourceGeneratedMonoScriptInfo (28ms)
			ResolveRequiredComponents (8ms)
	FinalizeReload (917ms)
		ReleaseScriptCaches (0ms)
		RebuildScriptCaches (0ms)
		SetupLoadedEditorAssemblies (739ms)
			LogAssemblyErrors (0ms)
			InitializePlatformSupportModulesInManaged (8ms)
			SetLoadedEditorAssemblies (3ms)
			RefreshPlugins (0ms)
			BeforeProcessingInitializeOnLoad (73ms)
			ProcessInitializeOnLoadAttributes (611ms)
			ProcessInitializeOnLoadMethodAttributes (36ms)
			AfterProcessingInitializeOnLoad (7ms)
			EditorAssembliesLoaded (0ms)
		ExecutionOrderSort2 (0ms)
		AwakeInstancesAfterBackupRestoration (6ms)
Launched and connected shader compiler UnityShaderCompiler.exe after 0.04 seconds
Refreshing native plugins compatible for Editor in 5.18 ms, found 4 plugins.
Preloading 0 native plugins for Editor in 0.00 ms.
Unloading 4030 Unused Serialized files (Serialized files now loaded: 0)
Unloading 38 unused Assets / (241.3 KB). Loaded Objects now: 4494.
Memory consumption went from 145.6 MB to 145.4 MB.
Total: 4.134100 ms (FindLiveObjects: 0.387800 ms CreateObjectMapping: 0.202300 ms MarkObjects: 3.312200 ms  DeleteObjects: 0.229800 ms)

AssetImportParameters requested are different than current active one (requested -> active):
  custom:container-demuxer-ogg: 62fdf1f143b41e24485cea50d1cbac27 -> 
  custom:video-codec-MediaFoundation-h265: 746d11721c4dcdbdad8f713fa42b33f4 -> 
  custom:video-decoder-ogg-theora: a1e56fd34408186e4bbccfd4996cb3dc -> 
  custom:framework-win-MediaFoundation: 216162199b28c13a410421893ffa2e32 -> 
  custom:CustomObjectIndexerAttribute: 9a22284fe3817be447336de3de66b15e -> 
  custom:container-demuxer-webm: 4f35f7cbe854078d1ac9338744f61a02 -> 
  custom:container-muxer-webm: aa71ff27fc2769a1b78a27578f13a17b -> 
  custom:video-decoder-webm-vp8: 9c59270c3fd7afecdb556c50c9e8de78 -> 
  custom:SearchIndexIgnoredProperties: e643bd26f0fe6173181afceb89e7c659 -> 
  custom:AudioImporter_EditorPlatform: d09bf68614088b80899f8185d706f6e7 -> 
  custom:video-encoder-webm-vp8: eb34c28f22e8b96e1ab97ce403110664 -> 
  custom:audio-decoder-ogg-vorbis: bf7c407c2cedff20999df2af8eb42d56 -> 
  custom:audio-encoder-webm-vorbis: bf7c407c2cedff20999df2af8eb42d56 -> 
========================================================================
Received Import Request.
  Time since last request: 318.978539 seconds.
  path: Assets/TileMaps/Fondo_2
  artifactKey: Guid(c78706aebb9dfbc409cb61d7830183e3) Importer(815301076,1909f56bfc062723c751e8b465ee728b)
Start importing Assets/TileMaps/Fondo_2 using Guid(c78706aebb9dfbc409cb61d7830183e3) Importer(815301076,1909f56bfc062723c751e8b465ee728b) [PhysX] Initialized MultithreadedTaskDispatcher with 12 workers.
 -> (artifact id: 'f39032cea37526c7c09b18b2facc2661') in 0.002665 seconds
Number of updated asset objects reloaded before import = 0
Number of asset objects unloaded after import = 0
========================================================================
Received Import Request.
  Time since last request: 0.000030 seconds.
  path: Assets/TileMaps/Fondo_1
  artifactKey: Guid(744a74ce9a7ffb94b8236fd2b7e6be58) Importer(815301076,1909f56bfc062723c751e8b465ee728b)
Start importing Assets/TileMaps/Fondo_1 using Guid(744a74ce9a7ffb94b8236fd2b7e6be58) Importer(815301076,1909f56bfc062723c751e8b465ee728b) [PhysX] Initialized MultithreadedTaskDispatcher with 12 workers.
 -> (artifact id: '364122eef236095dc9aade9ee309d73f') in 0.000723 seconds
Number of updated asset objects reloaded before import = 0
Number of asset objects unloaded after import = 0
========================================================================
Received Import Request.
  Time since last request: 1.155115 seconds.
  path: Assets/TileMaps/Suelo_3
  artifactKey: Guid(471669e8bfec32c42b7a76278fcdf489) Importer(815301076,1909f56bfc062723c751e8b465ee728b)
Start importing Assets/TileMaps/Suelo_3 using Guid(471669e8bfec32c42b7a76278fcdf489) Importer(815301076,1909f56bfc062723c751e8b465ee728b) [PhysX] Initialized MultithreadedTaskDispatcher with 12 workers.
 -> (artifact id: 'c9d71683f1f24217bf6a5a18c5f0b12f') in 0.000867 seconds
Number of updated asset objects reloaded before import = 0
Number of asset objects unloaded after import = 0
========================================================================
Received Import Request.
  Time since last request: 254.229175 seconds.
  path: Assets/TileMaps/Suelo_sprite_2
  artifactKey: Guid(d412597167ee59c44a2acc5de475aac9) Importer(815301076,1909f56bfc062723c751e8b465ee728b)
Start importing Assets/TileMaps/Suelo_sprite_2 using Guid(d412597167ee59c44a2acc5de475aac9) Importer(815301076,1909f56bfc062723c751e8b465ee728b) [PhysX] Initialized MultithreadedTaskDispatcher with 12 workers.
 -> (artifact id: '30c0fd02948776bb5a2141a0de6a33fb') in 0.001291 seconds
Number of updated asset objects reloaded before import = 0
Number of asset objects unloaded after import = 0
========================================================================
Received Import Request.
  Time since last request: 0.684098 seconds.
  path: Assets/TileMaps/Suelo_sprite_1
  artifactKey: Guid(db76f8f63643b5140976438d725e5247) Importer(815301076,1909f56bfc062723c751e8b465ee728b)
Start importing Assets/TileMaps/Suelo_sprite_1 using Guid(db76f8f63643b5140976438d725e5247) Importer(815301076,1909f56bfc062723c751e8b465ee728b) [PhysX] Initialized MultithreadedTaskDispatcher with 12 workers.
 -> (artifact id: 'b8003825cf6ae6d5846812632edc5d2c') in 0.005567 seconds
Number of updated asset objects reloaded before import = 0
Number of asset objects unloaded after import = 0
========================================================================
Received Import Request.
  Time since last request: 4.718531 seconds.
  path: Assets/TileMaps/Suelo_sprite_2/castle_env_0.asset
  artifactKey: Guid(9da540bf5b4cf184da14a57782763e1f) Importer(815301076,1909f56bfc062723c751e8b465ee728b)
Start importing Assets/TileMaps/Suelo_sprite_2/castle_env_0.asset using Guid(9da540bf5b4cf184da14a57782763e1f) Importer(815301076,1909f56bfc062723c751e8b465ee728b) [PhysX] Initialized MultithreadedTaskDispatcher with 12 workers.
 -> (artifact id: '7a5e41a75ba80e0a0e2811556e67d7ab') in 0.103148 seconds
Number of updated asset objects reloaded before import = 0
Number of asset objects unloaded after import = 3
========================================================================
Received Import Request.
  Time since last request: 0.000032 seconds.
  path: Assets/TileMaps/Suelo_sprite_2/castle_env_14.asset
  artifactKey: Guid(5a35fdb812b08e347932b3d68f40e6f7) Importer(815301076,1909f56bfc062723c751e8b465ee728b)
Start importing Assets/TileMaps/Suelo_sprite_2/castle_env_14.asset using Guid(5a35fdb812b08e347932b3d68f40e6f7) Importer(815301076,1909f56bfc062723c751e8b465ee728b) [PhysX] Initialized MultithreadedTaskDispatcher with 12 workers.
 -> (artifact id: 'cefb59d270db819599d95b6ee3f0c3c2') in 0.012587 seconds
Number of updated asset objects reloaded before import = 0
Number of asset objects unloaded after import = 3
========================================================================
Received Import Request.
  Time since last request: 0.000023 seconds.
  path: Assets/TileMaps/Suelo_sprite_2/castle_env_15.asset
  artifactKey: Guid(19be09027f0ac234bbdc4deaaeaa3eca) Importer(815301076,1909f56bfc062723c751e8b465ee728b)
Start importing Assets/TileMaps/Suelo_sprite_2/castle_env_15.asset using Guid(19be09027f0ac234bbdc4deaaeaa3eca) Importer(815301076,1909f56bfc062723c751e8b465ee728b) [PhysX] Initialized MultithreadedTaskDispatcher with 12 workers.
 -> (artifact id: '6b407ba164d41fa682c53baf0adb2c3a') in 0.009946 seconds
Number of updated asset objects reloaded before import = 0
Number of asset objects unloaded after import = 3
========================================================================
Received Import Request.
  Time since last request: 0.000033 seconds.
  path: Assets/TileMaps/Suelo_sprite_2/castle_env_18.asset
  artifactKey: Guid(2eab68bde25db464d867868e84eae4ca) Importer(815301076,1909f56bfc062723c751e8b465ee728b)
Start importing Assets/TileMaps/Suelo_sprite_2/castle_env_18.asset using Guid(2eab68bde25db464d867868e84eae4ca) Importer(815301076,1909f56bfc062723c751e8b465ee728b) [PhysX] Initialized MultithreadedTaskDispatcher with 12 workers.
 -> (artifact id: '774bc061145d11eb80f796f1bbf82d2c') in 0.009910 seconds
Number of updated asset objects reloaded before import = 0
Number of asset objects unloaded after import = 3
========================================================================
Received Import Request.
  Time since last request: 0.000024 seconds.
  path: Assets/TileMaps/Suelo_sprite_2/castle_env_17.asset
  artifactKey: Guid(95658aa90bee68e4c83ebbff006049f8) Importer(815301076,1909f56bfc062723c751e8b465ee728b)
Start importing Assets/TileMaps/Suelo_sprite_2/castle_env_17.asset using Guid(95658aa90bee68e4c83ebbff006049f8) Importer(815301076,1909f56bfc062723c751e8b465ee728b) [PhysX] Initialized MultithreadedTaskDispatcher with 12 workers.
 -> (artifact id: '02aff45f0e4f913442260c555f04f140') in 0.011723 seconds
Number of updated asset objects reloaded before import = 0
Number of asset objects unloaded after import = 3
========================================================================
Received Import Request.
  Time since last request: 0.000018 seconds.
  path: Assets/TileMaps/Suelo_sprite_2/castle_env_22.asset
  artifactKey: Guid(dbac21997e9de59478db382a5f1ceb0e) Importer(815301076,1909f56bfc062723c751e8b465ee728b)
Start importing Assets/TileMaps/Suelo_sprite_2/castle_env_22.asset using Guid(dbac21997e9de59478db382a5f1ceb0e) Importer(815301076,1909f56bfc062723c751e8b465ee728b) [PhysX] Initialized MultithreadedTaskDispatcher with 12 workers.
 -> (artifact id: 'bada81b97aad8862a2128bb27ee3a504') in 0.009313 seconds
Number of updated asset objects reloaded before import = 0
Number of asset objects unloaded after import = 3
========================================================================
Received Import Request.
  Time since last request: 0.000029 seconds.
  path: Assets/TileMaps/Suelo_sprite_2/castle_env_25.asset
  artifactKey: Guid(58f8c40e9e20a1f428e286483a947dbc) Importer(815301076,1909f56bfc062723c751e8b465ee728b)
Start importing Assets/TileMaps/Suelo_sprite_2/castle_env_25.asset using Guid(58f8c40e9e20a1f428e286483a947dbc) Importer(815301076,1909f56bfc062723c751e8b465ee728b) [PhysX] Initialized MultithreadedTaskDispatcher with 12 workers.
 -> (artifact id: 'aa1236e1a7f6983aa36a312e68e2945c') in 0.010268 seconds
Number of updated asset objects reloaded before import = 0
Number of asset objects unloaded after import = 3
========================================================================
Received Import Request.
  Time since last request: 0.000020 seconds.
  path: Assets/TileMaps/Suelo_sprite_2/castle_env_23.asset
  artifactKey: Guid(9092a40c9bee4ea4a97569559a7e72f1) Importer(815301076,1909f56bfc062723c751e8b465ee728b)
Start importing Assets/TileMaps/Suelo_sprite_2/castle_env_23.asset using Guid(9092a40c9bee4ea4a97569559a7e72f1) Importer(815301076,1909f56bfc062723c751e8b465ee728b) [PhysX] Initialized MultithreadedTaskDispatcher with 12 workers.
 -> (artifact id: '9da57f37fb1dffb0878807dcbc369e0b') in 0.010495 seconds
Number of updated asset objects reloaded before import = 0
Number of asset objects unloaded after import = 3
========================================================================
Received Import Request.
  Time since last request: 0.000019 seconds.
  path: Assets/TileMaps/Suelo_sprite_2/castle_env_29.asset
  artifactKey: Guid(19836e6710fbd9c4bbf4f317f367d075) Importer(815301076,1909f56bfc062723c751e8b465ee728b)
Start importing Assets/TileMaps/Suelo_sprite_2/castle_env_29.asset using Guid(19836e6710fbd9c4bbf4f317f367d075) Importer(815301076,1909f56bfc062723c751e8b465ee728b) [PhysX] Initialized MultithreadedTaskDispatcher with 12 workers.
 -> (artifact id: '7acd276285fdd68ed59de6721da3cd92') in 0.009914 seconds
Number of updated asset objects reloaded before import = 0
Number of asset objects unloaded after import = 3
========================================================================
Received Import Request.
  Time since last request: 0.000019 seconds.
  path: Assets/TileMaps/Suelo_sprite_2/castle_env_31.asset
  artifactKey: Guid(1c73ab7301b9a884580c86c79a501e1a) Importer(815301076,1909f56bfc062723c751e8b465ee728b)
Start importing Assets/TileMaps/Suelo_sprite_2/castle_env_31.asset using Guid(1c73ab7301b9a884580c86c79a501e1a) Importer(815301076,1909f56bfc062723c751e8b465ee728b) [PhysX] Initialized MultithreadedTaskDispatcher with 12 workers.
 -> (artifact id: '485f43020ee4425d28f9e1e5ece5b01f') in 0.008600 seconds
Number of updated asset objects reloaded before import = 0
Number of asset objects unloaded after import = 3
========================================================================
Received Import Request.
  Time since last request: 0.000019 seconds.
  path: Assets/TileMaps/Suelo_sprite_2/castle_env_11.asset
  artifactKey: Guid(328611352ebdd7448b9bb5a6aa97de4b) Importer(815301076,1909f56bfc062723c751e8b465ee728b)
Start importing Assets/TileMaps/Suelo_sprite_2/castle_env_11.asset using Guid(328611352ebdd7448b9bb5a6aa97de4b) Importer(815301076,1909f56bfc062723c751e8b465ee728b) [PhysX] Initialized MultithreadedTaskDispatcher with 12 workers.
 -> (artifact id: 'a9b898c1a82dd8a73d3e9829c2deedef') in 0.005050 seconds
Number of updated asset objects reloaded before import = 0
Number of asset objects unloaded after import = 3
========================================================================
Received Import Request.
  Time since last request: 0.000017 seconds.
  path: Assets/TileMaps/Suelo_sprite_2/castle_env_34.asset
  artifactKey: Guid(39e4808e090a41f4a94d2624490d9111) Importer(815301076,1909f56bfc062723c751e8b465ee728b)
Start importing Assets/TileMaps/Suelo_sprite_2/castle_env_34.asset using Guid(39e4808e090a41f4a94d2624490d9111) Importer(815301076,1909f56bfc062723c751e8b465ee728b) [PhysX] Initialized MultithreadedTaskDispatcher with 12 workers.
 -> (artifact id: 'c0aead1011a474251bcc58e09f41aeea') in 0.011448 seconds
Number of updated asset objects reloaded before import = 0
Number of asset objects unloaded after import = 3
========================================================================
Received Import Request.
  Time since last request: 0.000025 seconds.
  path: Assets/TileMaps/Suelo_sprite_2/castle_env_36.asset
  artifactKey: Guid(fd42761024daf2b4385c1e5b73a29e0c) Importer(815301076,1909f56bfc062723c751e8b465ee728b)
Start importing Assets/TileMaps/Suelo_sprite_2/castle_env_36.asset using Guid(fd42761024daf2b4385c1e5b73a29e0c) Importer(815301076,1909f56bfc062723c751e8b465ee728b) [PhysX] Initialized MultithreadedTaskDispatcher with 12 workers.
 -> (artifact id: 'a0faab8439b90d5757313af4cc5b33b6') in 0.013859 seconds
Number of updated asset objects reloaded before import = 0
Number of asset objects unloaded after import = 3
========================================================================
Received Import Request.
  Time since last request: 0.000025 seconds.
  path: Assets/TileMaps/Suelo_sprite_2/castle_env_30.asset
  artifactKey: Guid(cf87c20d73248a84dbe24358d2b71c3b) Importer(815301076,1909f56bfc062723c751e8b465ee728b)
Start importing Assets/TileMaps/Suelo_sprite_2/castle_env_30.asset using Guid(cf87c20d73248a84dbe24358d2b71c3b) Importer(815301076,1909f56bfc062723c751e8b465ee728b) [PhysX] Initialized MultithreadedTaskDispatcher with 12 workers.
 -> (artifact id: 'a6d19678fc9878a4e4a7001ab306e371') in 0.015047 seconds
Number of updated asset objects reloaded before import = 0
Number of asset objects unloaded after import = 3
========================================================================
Received Import Request.
  Time since last request: 1.083169 seconds.
  path: Assets/TileMaps/Suelo_sprite_2/castle_env_37.asset
  artifactKey: Guid(8928d62e5e403e44495a98bde47aafbc) Importer(815301076,1909f56bfc062723c751e8b465ee728b)
Start importing Assets/TileMaps/Suelo_sprite_2/castle_env_37.asset using Guid(8928d62e5e403e44495a98bde47aafbc) Importer(815301076,1909f56bfc062723c751e8b465ee728b) [PhysX] Initialized MultithreadedTaskDispatcher with 12 workers.
 -> (artifact id: '96e01909069388a9f76dc60a16ac1e1c') in 0.016686 seconds
Number of updated asset objects reloaded before import = 0
Number of asset objects unloaded after import = 3
========================================================================
Received Import Request.
  Time since last request: 0.000028 seconds.
  path: Assets/TileMaps/Suelo_sprite_2/castle_env_39.asset
  artifactKey: Guid(2d304fe7e7740ba45b814b38e2d17ee9) Importer(815301076,1909f56bfc062723c751e8b465ee728b)
Start importing Assets/TileMaps/Suelo_sprite_2/castle_env_39.asset using Guid(2d304fe7e7740ba45b814b38e2d17ee9) Importer(815301076,1909f56bfc062723c751e8b465ee728b) [PhysX] Initialized MultithreadedTaskDispatcher with 12 workers.
 -> (artifact id: '939ffa2574e73460b96e95129d2d9add') in 0.014366 seconds
Number of updated asset objects reloaded before import = 0
Number of asset objects unloaded after import = 3
========================================================================
Received Import Request.
  Time since last request: 0.000795 seconds.
  path: Assets/TileMaps/Suelo_sprite_2/castle_env_42.asset
  artifactKey: Guid(ac629b379b897ec4cbf791baac928f92) Importer(815301076,1909f56bfc062723c751e8b465ee728b)
Start importing Assets/TileMaps/Suelo_sprite_2/castle_env_42.asset using Guid(ac629b379b897ec4cbf791baac928f92) Importer(815301076,1909f56bfc062723c751e8b465ee728b) [PhysX] Initialized MultithreadedTaskDispatcher with 12 workers.
 -> (artifact id: '861b3606ebe1e3b2eb2dcc71454c7acb') in 0.006363 seconds
Number of updated asset objects reloaded before import = 0
Number of asset objects unloaded after import = 3
========================================================================
Received Import Request.
  Time since last request: 0.004225 seconds.
  path: Assets/TileMaps/Suelo_sprite_2/castle_env_44.asset
  artifactKey: Guid(0356c508241fdfc4c82affacfb0e550a) Importer(815301076,1909f56bfc062723c751e8b465ee728b)
Start importing Assets/TileMaps/Suelo_sprite_2/castle_env_44.asset using Guid(0356c508241fdfc4c82affacfb0e550a) Importer(815301076,1909f56bfc062723c751e8b465ee728b) [PhysX] Initialized MultithreadedTaskDispatcher with 12 workers.
 -> (artifact id: 'e55693ba73d522f5798876e81848d944') in 0.004919 seconds
Number of updated asset objects reloaded before import = 0
Number of asset objects unloaded after import = 3
========================================================================
Received Import Request.
  Time since last request: 0.000023 seconds.
  path: Assets/TileMaps/Suelo_sprite_2/castle_env_45.asset
  artifactKey: Guid(21425703258035d4491716f8c1ed47e4) Importer(815301076,1909f56bfc062723c751e8b465ee728b)
Start importing Assets/TileMaps/Suelo_sprite_2/castle_env_45.asset using Guid(21425703258035d4491716f8c1ed47e4) Importer(815301076,1909f56bfc062723c751e8b465ee728b) [PhysX] Initialized MultithreadedTaskDispatcher with 12 workers.
 -> (artifact id: 'e191ce4853c058f781ac5307f87c2baa') in 0.010408 seconds
Number of updated asset objects reloaded before import = 0
Number of asset objects unloaded after import = 3
========================================================================
Received Import Request.
  Time since last request: 0.000474 seconds.
  path: Assets/TileMaps/Suelo_sprite_2/castle_env_47.asset
  artifactKey: Guid(f650804d6b4ca9345b727d0444113b7f) Importer(815301076,1909f56bfc062723c751e8b465ee728b)
Start importing Assets/TileMaps/Suelo_sprite_2/castle_env_47.asset using Guid(f650804d6b4ca9345b727d0444113b7f) Importer(815301076,1909f56bfc062723c751e8b465ee728b) [PhysX] Initialized MultithreadedTaskDispatcher with 12 workers.
 -> (artifact id: '996a7ef7b285c7078ccbed0b4400ae7d') in 0.011864 seconds
Number of updated asset objects reloaded before import = 0
Number of asset objects unloaded after import = 3
========================================================================
Received Import Request.
  Time since last request: 0.621362 seconds.
  path: Assets/TileMaps/Suelo_sprite_2/castle_env_49.asset
  artifactKey: Guid(9c215296d6ca6614bacd7dfb3ddcfa2a) Importer(815301076,1909f56bfc062723c751e8b465ee728b)
Start importing Assets/TileMaps/Suelo_sprite_2/castle_env_49.asset using Guid(9c215296d6ca6614bacd7dfb3ddcfa2a) Importer(815301076,1909f56bfc062723c751e8b465ee728b) [PhysX] Initialized MultithreadedTaskDispatcher with 12 workers.
 -> (artifact id: '62bef4436ae17914bad21fcb2389cd7a') in 0.009950 seconds
Number of updated asset objects reloaded before import = 0
Number of asset objects unloaded after import = 3
========================================================================
Received Import Request.
  Time since last request: 0.000082 seconds.
  path: Assets/TileMaps/Suelo_sprite_2/castle_env_51.asset
  artifactKey: Guid(dce8fd362d748424a8f6036b35e0fb58) Importer(815301076,1909f56bfc062723c751e8b465ee728b)
Start importing Assets/TileMaps/Suelo_sprite_2/castle_env_51.asset using Guid(dce8fd362d748424a8f6036b35e0fb58) Importer(815301076,1909f56bfc062723c751e8b465ee728b) [PhysX] Initialized MultithreadedTaskDispatcher with 12 workers.
 -> (artifact id: '7dca212c99d55a3ee1a1088a80c06f90') in 0.011177 seconds
Number of updated asset objects reloaded before import = 0
Number of asset objects unloaded after import = 3
========================================================================
Received Import Request.
  Time since last request: 0.000017 seconds.
  path: Assets/TileMaps/Suelo_sprite_2/castle_env_53.asset
  artifactKey: Guid(d323f5acb5041fc458e6a7851a30dad6) Importer(815301076,1909f56bfc062723c751e8b465ee728b)
Start importing Assets/TileMaps/Suelo_sprite_2/castle_env_53.asset using Guid(d323f5acb5041fc458e6a7851a30dad6) Importer(815301076,1909f56bfc062723c751e8b465ee728b) [PhysX] Initialized MultithreadedTaskDispatcher with 12 workers.
 -> (artifact id: '902ff61528a4b0f662eb61fa3d09e085') in 0.010884 seconds
Number of updated asset objects reloaded before import = 0
Number of asset objects unloaded after import = 3
========================================================================
Received Import Request.
  Time since last request: 0.000021 seconds.
  path: Assets/TileMaps/Suelo_sprite_2/castle_env_55.asset
  artifactKey: Guid(467ecb06cd636304d8188927521f9e93) Importer(815301076,1909f56bfc062723c751e8b465ee728b)
Start importing Assets/TileMaps/Suelo_sprite_2/castle_env_55.asset using Guid(467ecb06cd636304d8188927521f9e93) Importer(815301076,1909f56bfc062723c751e8b465ee728b) [PhysX] Initialized MultithreadedTaskDispatcher with 12 workers.
 -> (artifact id: '08e7dd6dfe507a03ec85f7f2d9c092bb') in 0.009135 seconds
Number of updated asset objects reloaded before import = 0
Number of asset objects unloaded after import = 3
========================================================================
Received Import Request.
  Time since last request: 0.000043 seconds.
  path: Assets/TileMaps/Suelo_sprite_2/castle_env_57.asset
  artifactKey: Guid(17f74c4154c32264182a6086bc23c8b6) Importer(815301076,1909f56bfc062723c751e8b465ee728b)
Start importing Assets/TileMaps/Suelo_sprite_2/castle_env_57.asset using Guid(17f74c4154c32264182a6086bc23c8b6) Importer(815301076,1909f56bfc062723c751e8b465ee728b) [PhysX] Initialized MultithreadedTaskDispatcher with 12 workers.
 -> (artifact id: '0979c7ed405bd86202b6043be2748dc7') in 0.009065 seconds
Number of updated asset objects reloaded before import = 0
Number of asset objects unloaded after import = 3
========================================================================
Received Import Request.
  Time since last request: 0.000955 seconds.
  path: Assets/TileMaps/Suelo_sprite_2/castle_env_59.asset
  artifactKey: Guid(59eb154b4d73d924d88f2b781ef9322a) Importer(815301076,1909f56bfc062723c751e8b465ee728b)
Start importing Assets/TileMaps/Suelo_sprite_2/castle_env_59.asset using Guid(59eb154b4d73d924d88f2b781ef9322a) Importer(815301076,1909f56bfc062723c751e8b465ee728b) [PhysX] Initialized MultithreadedTaskDispatcher with 12 workers.
 -> (artifact id: 'e98cd596ff00acea34fa5c1d362f1f86') in 0.009926 seconds
Number of updated asset objects reloaded before import = 0
Number of asset objects unloaded after import = 3
========================================================================
Received Import Request.
  Time since last request: 0.099753 seconds.
  path: Assets/TileMaps/Suelo_sprite_2/castle_env_61.asset
  artifactKey: Guid(b57d3ad18d0778f4dbf7abb2d23b9169) Importer(815301076,1909f56bfc062723c751e8b465ee728b)
Start importing Assets/TileMaps/Suelo_sprite_2/castle_env_61.asset using Guid(b57d3ad18d0778f4dbf7abb2d23b9169) Importer(815301076,1909f56bfc062723c751e8b465ee728b) [PhysX] Initialized MultithreadedTaskDispatcher with 12 workers.
 -> (artifact id: 'e8e39de4f7ced0e9c0c16883a4ce8c68') in 0.010928 seconds
Number of updated asset objects reloaded before import = 0
Number of asset objects unloaded after import = 3
========================================================================
Received Import Request.
  Time since last request: 0.000028 seconds.
  path: Assets/TileMaps/Suelo_sprite_2/castle_env_63.asset
  artifactKey: Guid(c5fdac2e7f816e74fb133a23c8a74cce) Importer(815301076,1909f56bfc062723c751e8b465ee728b)
Start importing Assets/TileMaps/Suelo_sprite_2/castle_env_63.asset using Guid(c5fdac2e7f816e74fb133a23c8a74cce) Importer(815301076,1909f56bfc062723c751e8b465ee728b) [PhysX] Initialized MultithreadedTaskDispatcher with 12 workers.
 -> (artifact id: 'aeb7cb5361dc7c436aec6c6591de0624') in 0.011683 seconds
Number of updated asset objects reloaded before import = 0
Number of asset objects unloaded after import = 3
========================================================================
Received Import Request.
  Time since last request: 0.000021 seconds.
  path: Assets/TileMaps/Suelo_sprite_2/castle_env_65.asset
  artifactKey: Guid(317f5d12827372c41ac05234ee27b224) Importer(815301076,1909f56bfc062723c751e8b465ee728b)
Start importing Assets/TileMaps/Suelo_sprite_2/castle_env_65.asset using Guid(317f5d12827372c41ac05234ee27b224) Importer(815301076,1909f56bfc062723c751e8b465ee728b) [PhysX] Initialized MultithreadedTaskDispatcher with 12 workers.
 -> (artifact id: '718f4926edbfe33172625b9c16ffc390') in 0.010434 seconds
Number of updated asset objects reloaded before import = 0
Number of asset objects unloaded after import = 3
========================================================================
Received Import Request.
  Time since last request: 0.000020 seconds.
  path: Assets/TileMaps/Suelo_sprite_2/castle_env_67.asset
  artifactKey: Guid(99375f5a01a32bd409d1d7c8511a00d9) Importer(815301076,1909f56bfc062723c751e8b465ee728b)
Start importing Assets/TileMaps/Suelo_sprite_2/castle_env_67.asset using Guid(99375f5a01a32bd409d1d7c8511a00d9) Importer(815301076,1909f56bfc062723c751e8b465ee728b) [PhysX] Initialized MultithreadedTaskDispatcher with 12 workers.
 -> (artifact id: '5c9b25f3c6e3a2a1b03a95ee8b4ad203') in 0.011226 seconds
Number of updated asset objects reloaded before import = 0
Number of asset objects unloaded after import = 3
========================================================================
Received Import Request.
  Time since last request: 0.000018 seconds.
  path: Assets/TileMaps/Suelo_sprite_2/castle_env_69.asset
  artifactKey: Guid(3a24dedb0cde812438e54e8f3e5ca178) Importer(815301076,1909f56bfc062723c751e8b465ee728b)
Start importing Assets/TileMaps/Suelo_sprite_2/castle_env_69.asset using Guid(3a24dedb0cde812438e54e8f3e5ca178) Importer(815301076,1909f56bfc062723c751e8b465ee728b) [PhysX] Initialized MultithreadedTaskDispatcher with 12 workers.
 -> (artifact id: '5041320d48b792a7017c957164189514') in 0.010416 seconds
Number of updated asset objects reloaded before import = 0
Number of asset objects unloaded after import = 3
========================================================================
Received Import Request.
  Time since last request: 0.000019 seconds.
  path: Assets/TileMaps/Suelo_sprite_2/castle_env_71.asset
  artifactKey: Guid(66ea5289694c68244b4decf8f9d9088c) Importer(815301076,1909f56bfc062723c751e8b465ee728b)
Start importing Assets/TileMaps/Suelo_sprite_2/castle_env_71.asset using Guid(66ea5289694c68244b4decf8f9d9088c) Importer(815301076,1909f56bfc062723c751e8b465ee728b) [PhysX] Initialized MultithreadedTaskDispatcher with 12 workers.
 -> (artifact id: '0c87e029ab424b913c119848e549d350') in 0.011998 seconds
Number of updated asset objects reloaded before import = 0
Number of asset objects unloaded after import = 3
========================================================================
Received Import Request.
  Time since last request: 0.568137 seconds.
  path: Assets/TileMaps/Suelo_sprite_2/castle_env_73.asset
  artifactKey: Guid(c3f22712d5de65540ad2715b56e991c3) Importer(815301076,1909f56bfc062723c751e8b465ee728b)
Start importing Assets/TileMaps/Suelo_sprite_2/castle_env_73.asset using Guid(c3f22712d5de65540ad2715b56e991c3) Importer(815301076,1909f56bfc062723c751e8b465ee728b) [PhysX] Initialized MultithreadedTaskDispatcher with 12 workers.
 -> (artifact id: 'df8d0621d8dc524ad6b86a68073a887e') in 0.010733 seconds
Number of updated asset objects reloaded before import = 0
Number of asset objects unloaded after import = 3
========================================================================
Received Import Request.
  Time since last request: 0.000024 seconds.
  path: Assets/TileMaps/Suelo_sprite_2/castle_env_75.asset
  artifactKey: Guid(fd628a74215b9d0479a62cad2fb22958) Importer(815301076,1909f56bfc062723c751e8b465ee728b)
Start importing Assets/TileMaps/Suelo_sprite_2/castle_env_75.asset using Guid(fd628a74215b9d0479a62cad2fb22958) Importer(815301076,1909f56bfc062723c751e8b465ee728b) [PhysX] Initialized MultithreadedTaskDispatcher with 12 workers.
 -> (artifact id: '81f8604d97f3b0fbb1e8c7bac638a0f4') in 0.011124 seconds
Number of updated asset objects reloaded before import = 0
Number of asset objects unloaded after import = 3
========================================================================
Received Import Request.
  Time since last request: 0.000023 seconds.
  path: Assets/TileMaps/Suelo_sprite_2/castle_env_77.asset
  artifactKey: Guid(d1b31331ed2014145a01492ed8f57fe1) Importer(815301076,1909f56bfc062723c751e8b465ee728b)
Start importing Assets/TileMaps/Suelo_sprite_2/castle_env_77.asset using Guid(d1b31331ed2014145a01492ed8f57fe1) Importer(815301076,1909f56bfc062723c751e8b465ee728b) [PhysX] Initialized MultithreadedTaskDispatcher with 12 workers.
 -> (artifact id: 'be034497e79485036dcbc6eb5a3f4b8b') in 0.005169 seconds
Number of updated asset objects reloaded before import = 0
Number of asset objects unloaded after import = 3
========================================================================
Received Import Request.
  Time since last request: 0.003655 seconds.
  path: Assets/TileMaps/Suelo_sprite_2/castle_env_79.asset
  artifactKey: Guid(1cfb18f2809031647990e30251b32e61) Importer(815301076,1909f56bfc062723c751e8b465ee728b)
Start importing Assets/TileMaps/Suelo_sprite_2/castle_env_79.asset using Guid(1cfb18f2809031647990e30251b32e61) Importer(815301076,1909f56bfc062723c751e8b465ee728b) [PhysX] Initialized MultithreadedTaskDispatcher with 12 workers.
 -> (artifact id: 'bc25b1ef2a04c66215af03d382696eae') in 0.011460 seconds
Number of updated asset objects reloaded before import = 0
Number of asset objects unloaded after import = 3
========================================================================
Received Import Request.
  Time since last request: 0.000454 seconds.
  path: Assets/TileMaps/Suelo_sprite_2/castle_env_81.asset
  artifactKey: Guid(574529feead55e04fb18c56b3c2fd4f9) Importer(815301076,1909f56bfc062723c751e8b465ee728b)
Start importing Assets/TileMaps/Suelo_sprite_2/castle_env_81.asset using Guid(574529feead55e04fb18c56b3c2fd4f9) Importer(815301076,1909f56bfc062723c751e8b465ee728b) [PhysX] Initialized MultithreadedTaskDispatcher with 12 workers.
 -> (artifact id: '236e828a049ca25365822dc5dd16b441') in 0.010532 seconds
Number of updated asset objects reloaded before import = 0
Number of asset objects unloaded after import = 3
========================================================================
Received Import Request.
  Time since last request: 0.000913 seconds.
  path: Assets/TileMaps/Suelo_sprite_2/castle_env_83.asset
  artifactKey: Guid(e8b3d1f963927ad4abd02123b62d4b8f) Importer(815301076,1909f56bfc062723c751e8b465ee728b)
Start importing Assets/TileMaps/Suelo_sprite_2/castle_env_83.asset using Guid(e8b3d1f963927ad4abd02123b62d4b8f) Importer(815301076,1909f56bfc062723c751e8b465ee728b) [PhysX] Initialized MultithreadedTaskDispatcher with 12 workers.
 -> (artifact id: 'f48c967bb2b10ef5cdfc998562516f13') in 0.012607 seconds
Number of updated asset objects reloaded before import = 0
Number of asset objects unloaded after import = 3
========================================================================
Received Import Request.
  Time since last request: 0.064040 seconds.
  path: Assets/TileMaps/Suelo_sprite_2/castle_env_85.asset
  artifactKey: Guid(b3b9728df0bb6be479bf2e9965848155) Importer(815301076,1909f56bfc062723c751e8b465ee728b)
Start importing Assets/TileMaps/Suelo_sprite_2/castle_env_85.asset using Guid(b3b9728df0bb6be479bf2e9965848155) Importer(815301076,1909f56bfc062723c751e8b465ee728b) [PhysX] Initialized MultithreadedTaskDispatcher with 12 workers.
 -> (artifact id: '6f50cba45949fcf39566ed17ed241199') in 0.010247 seconds
Number of updated asset objects reloaded before import = 0
Number of asset objects unloaded after import = 3
========================================================================
Received Import Request.
  Time since last request: 0.000022 seconds.
  path: Assets/TileMaps/Suelo_sprite_2/castle_env_87.asset
  artifactKey: Guid(23571456ddfa5c64e85aa67fad4e7203) Importer(815301076,1909f56bfc062723c751e8b465ee728b)
Start importing Assets/TileMaps/Suelo_sprite_2/castle_env_87.asset using Guid(23571456ddfa5c64e85aa67fad4e7203) Importer(815301076,1909f56bfc062723c751e8b465ee728b) [PhysX] Initialized MultithreadedTaskDispatcher with 12 workers.
 -> (artifact id: 'eaee5618631d1f8bceb508ef718044ca') in 0.011336 seconds
Number of updated asset objects reloaded before import = 0
Number of asset objects unloaded after import = 3
========================================================================
Received Import Request.
  Time since last request: 0.000025 seconds.
  path: Assets/TileMaps/Suelo_sprite_2/castle_env_89.asset
  artifactKey: Guid(41eff5170919c504cb55e08d0795ff8e) Importer(815301076,1909f56bfc062723c751e8b465ee728b)
Start importing Assets/TileMaps/Suelo_sprite_2/castle_env_89.asset using Guid(41eff5170919c504cb55e08d0795ff8e) Importer(815301076,1909f56bfc062723c751e8b465ee728b) [PhysX] Initialized MultithreadedTaskDispatcher with 12 workers.
 -> (artifact id: '389205d51c49eeb6c23678c78d04b8dc') in 0.011546 seconds
Number of updated asset objects reloaded before import = 0
Number of asset objects unloaded after import = 3
========================================================================
Received Import Request.
  Time since last request: 0.000029 seconds.
  path: Assets/TileMaps/Suelo_sprite_2/castle_env_91.asset
  artifactKey: Guid(32325701dfe2a4a4887e19018ee046d2) Importer(815301076,1909f56bfc062723c751e8b465ee728b)
Start importing Assets/TileMaps/Suelo_sprite_2/castle_env_91.asset using Guid(32325701dfe2a4a4887e19018ee046d2) Importer(815301076,1909f56bfc062723c751e8b465ee728b) [PhysX] Initialized MultithreadedTaskDispatcher with 12 workers.
 -> (artifact id: 'e3545374e5cd26a65893b8e1a51f6064') in 0.009712 seconds
Number of updated asset objects reloaded before import = 0
Number of asset objects unloaded after import = 3
========================================================================
Received Import Request.
  Time since last request: 0.000023 seconds.
  path: Assets/TileMaps/Suelo_sprite_2/castle_env_93.asset
  artifactKey: Guid(30020cf0fbc52d44fb74fa5f8fb22657) Importer(815301076,1909f56bfc062723c751e8b465ee728b)
Start importing Assets/TileMaps/Suelo_sprite_2/castle_env_93.asset using Guid(30020cf0fbc52d44fb74fa5f8fb22657) Importer(815301076,1909f56bfc062723c751e8b465ee728b) [PhysX] Initialized MultithreadedTaskDispatcher with 12 workers.
 -> (artifact id: 'cb70747faf39c6c9eea9d60e84b027c0') in 0.009550 seconds
Number of updated asset objects reloaded before import = 0
Number of asset objects unloaded after import = 3
========================================================================
Received Import Request.
  Time since last request: 0.000021 seconds.
  path: Assets/TileMaps/Suelo_sprite_2/castle_env_95.asset
  artifactKey: Guid(3ee9d22cc13c16847a34d9e7cf25ce1c) Importer(815301076,1909f56bfc062723c751e8b465ee728b)
Start importing Assets/TileMaps/Suelo_sprite_2/castle_env_95.asset using Guid(3ee9d22cc13c16847a34d9e7cf25ce1c) Importer(815301076,1909f56bfc062723c751e8b465ee728b) [PhysX] Initialized MultithreadedTaskDispatcher with 12 workers.
 -> (artifact id: '4260f0e53b82a8ac9c118ffd4f8cba96') in 0.011069 seconds
Number of updated asset objects reloaded before import = 0
Number of asset objects unloaded after import = 3
========================================================================
Received Import Request.
  Time since last request: 0.500573 seconds.
  path: Assets/TileMaps/Suelo_sprite_2/castle_env_97.asset
  artifactKey: Guid(54d7c8dd29b39394d88067762683dfe8) Importer(815301076,1909f56bfc062723c751e8b465ee728b)
Start importing Assets/TileMaps/Suelo_sprite_2/castle_env_97.asset using Guid(54d7c8dd29b39394d88067762683dfe8) Importer(815301076,1909f56bfc062723c751e8b465ee728b) [PhysX] Initialized MultithreadedTaskDispatcher with 12 workers.
 -> (artifact id: 'd0a303e079ebe7ce336e8668112e3a6c') in 0.015816 seconds
Number of updated asset objects reloaded before import = 0
Number of asset objects unloaded after import = 3
========================================================================
Received Import Request.
  Time since last request: 0.000026 seconds.
  path: Assets/TileMaps/Suelo_sprite_2/castle_env_99.asset
  artifactKey: Guid(129438a84dd689049b4eb06c70f97ab5) Importer(815301076,1909f56bfc062723c751e8b465ee728b)
Start importing Assets/TileMaps/Suelo_sprite_2/castle_env_99.asset using Guid(129438a84dd689049b4eb06c70f97ab5) Importer(815301076,1909f56bfc062723c751e8b465ee728b) [PhysX] Initialized MultithreadedTaskDispatcher with 12 workers.
 -> (artifact id: 'f4365e9464d88bf2e3a5b149946a5704') in 0.017909 seconds
Number of updated asset objects reloaded before import = 0
Number of asset objects unloaded after import = 3
========================================================================
Received Import Request.
  Time since last request: 0.000032 seconds.
  path: Assets/TileMaps/Suelo_sprite_2/castle_env_102.asset
  artifactKey: Guid(d2392d5454cdc354fbd4734bf9065c97) Importer(815301076,1909f56bfc062723c751e8b465ee728b)
Start importing Assets/TileMaps/Suelo_sprite_2/castle_env_102.asset using Guid(d2392d5454cdc354fbd4734bf9065c97) Importer(815301076,1909f56bfc062723c751e8b465ee728b) [PhysX] Initialized MultithreadedTaskDispatcher with 12 workers.
 -> (artifact id: '43cd0a128dd1ae6964f772bbd86280cb') in 0.014321 seconds
Number of updated asset objects reloaded before import = 0
Number of asset objects unloaded after import = 3
========================================================================
Received Import Request.
  Time since last request: 0.000025 seconds.
  path: Assets/TileMaps/Suelo_sprite_2/castle_env_103.asset
  artifactKey: Guid(3bcdd2733b18d19448d7694103a64f22) Importer(815301076,1909f56bfc062723c751e8b465ee728b)
Start importing Assets/TileMaps/Suelo_sprite_2/castle_env_103.asset using Guid(3bcdd2733b18d19448d7694103a64f22) Importer(815301076,1909f56bfc062723c751e8b465ee728b) [PhysX] Initialized MultithreadedTaskDispatcher with 12 workers.
 -> (artifact id: 'dbabfedd8388b79bb1487f687addcfe5') in 0.014528 seconds
Number of updated asset objects reloaded before import = 0
Number of asset objects unloaded after import = 3
========================================================================
Received Import Request.
  Time since last request: 0.000030 seconds.
  path: Assets/TileMaps/Suelo_sprite_2/castle_env_105.asset
  artifactKey: Guid(d9f01b01eb29d11439a08a83d9b997bb) Importer(815301076,1909f56bfc062723c751e8b465ee728b)
Start importing Assets/TileMaps/Suelo_sprite_2/castle_env_105.asset using Guid(d9f01b01eb29d11439a08a83d9b997bb) Importer(815301076,1909f56bfc062723c751e8b465ee728b) [PhysX] Initialized MultithreadedTaskDispatcher with 12 workers.
 -> (artifact id: 'fc51bd4fbd97b75c12a9237e2964dc85') in 0.007879 seconds
Number of updated asset objects reloaded before import = 0
Number of asset objects unloaded after import = 3
========================================================================
Received Import Request.
  Time since last request: 0.000027 seconds.
  path: Assets/TileMaps/Suelo_sprite_2/castle_env_107.asset
  artifactKey: Guid(8f930052a178eb54186c696472ab433c) Importer(815301076,1909f56bfc062723c751e8b465ee728b)
Start importing Assets/TileMaps/Suelo_sprite_2/castle_env_107.asset using Guid(8f930052a178eb54186c696472ab433c) Importer(815301076,1909f56bfc062723c751e8b465ee728b) [PhysX] Initialized MultithreadedTaskDispatcher with 12 workers.
 -> (artifact id: '54e91d8d1bb3375a9da5a779bb0824db') in 0.012019 seconds
Number of updated asset objects reloaded before import = 0
Number of asset objects unloaded after import = 3
========================================================================
Received Import Request.
  Time since last request: 0.057347 seconds.
  path: Assets/TileMaps/Suelo_sprite_2/castle_env_109.asset
  artifactKey: Guid(974d6a2aded132547a9c57214e831fbb) Importer(815301076,1909f56bfc062723c751e8b465ee728b)
Start importing Assets/TileMaps/Suelo_sprite_2/castle_env_109.asset using Guid(974d6a2aded132547a9c57214e831fbb) Importer(815301076,1909f56bfc062723c751e8b465ee728b) [PhysX] Initialized MultithreadedTaskDispatcher with 12 workers.
 -> (artifact id: 'd3123be2a7f5517d8bf2b3b96122bcf1') in 0.010303 seconds
Number of updated asset objects reloaded before import = 0
Number of asset objects unloaded after import = 3
========================================================================
Received Import Request.
  Time since last request: 0.000617 seconds.
  path: Assets/TileMaps/Suelo_sprite_2/castle_env_111.asset
  artifactKey: Guid(511e1b74f153a864fb454c3af38bfc78) Importer(815301076,1909f56bfc062723c751e8b465ee728b)
Start importing Assets/TileMaps/Suelo_sprite_2/castle_env_111.asset using Guid(511e1b74f153a864fb454c3af38bfc78) Importer(815301076,1909f56bfc062723c751e8b465ee728b) [PhysX] Initialized MultithreadedTaskDispatcher with 12 workers.
 -> (artifact id: 'dafb657a8c181f126864691e73c7c5b9') in 0.009546 seconds
Number of updated asset objects reloaded before import = 0
Number of asset objects unloaded after import = 3
========================================================================
Received Import Request.
  Time since last request: 0.000392 seconds.
  path: Assets/TileMaps/Suelo_sprite_2/castle_env_113.asset
  artifactKey: Guid(3dce2373c9ca43e4791dd4974ab78180) Importer(815301076,1909f56bfc062723c751e8b465ee728b)
Start importing Assets/TileMaps/Suelo_sprite_2/castle_env_113.asset using Guid(3dce2373c9ca43e4791dd4974ab78180) Importer(815301076,1909f56bfc062723c751e8b465ee728b) [PhysX] Initialized MultithreadedTaskDispatcher with 12 workers.
 -> (artifact id: '795ce47422a3e1dbccafec146c232db5') in 0.011304 seconds
Number of updated asset objects reloaded before import = 0
Number of asset objects unloaded after import = 3
========================================================================
Received Import Request.
  Time since last request: 0.000022 seconds.
  path: Assets/TileMaps/Suelo_sprite_2/castle_env_115.asset
  artifactKey: Guid(952941034429ec54a8d8d093286f1583) Importer(815301076,1909f56bfc062723c751e8b465ee728b)
Start importing Assets/TileMaps/Suelo_sprite_2/castle_env_115.asset using Guid(952941034429ec54a8d8d093286f1583) Importer(815301076,1909f56bfc062723c751e8b465ee728b) [PhysX] Initialized MultithreadedTaskDispatcher with 12 workers.
 -> (artifact id: '707a532024effd031826701541a3606d') in 0.011107 seconds
Number of updated asset objects reloaded before import = 0
Number of asset objects unloaded after import = 3
========================================================================
Received Import Request.
  Time since last request: 0.000021 seconds.
  path: Assets/TileMaps/Suelo_sprite_2/castle_env_117.asset
  artifactKey: Guid(a0b1ff25a4949044dbda1f79de1e7061) Importer(815301076,1909f56bfc062723c751e8b465ee728b)
Start importing Assets/TileMaps/Suelo_sprite_2/castle_env_117.asset using Guid(a0b1ff25a4949044dbda1f79de1e7061) Importer(815301076,1909f56bfc062723c751e8b465ee728b) [PhysX] Initialized MultithreadedTaskDispatcher with 12 workers.
 -> (artifact id: '57a2cbc48d3b2274c8d4b7534a63c6a4') in 0.010562 seconds
Number of updated asset objects reloaded before import = 0
Number of asset objects unloaded after import = 3
========================================================================
Received Import Request.
  Time since last request: 0.000023 seconds.
  path: Assets/TileMaps/Suelo_sprite_2/castle_env_119.asset
  artifactKey: Guid(57546878f3533c24eb885b3de5ffb0c8) Importer(815301076,1909f56bfc062723c751e8b465ee728b)
Start importing Assets/TileMaps/Suelo_sprite_2/castle_env_119.asset using Guid(57546878f3533c24eb885b3de5ffb0c8) Importer(815301076,1909f56bfc062723c751e8b465ee728b) [PhysX] Initialized MultithreadedTaskDispatcher with 12 workers.
 -> (artifact id: '46dd693b80191e8ece4309a8d11691b3') in 0.014447 seconds
Number of updated asset objects reloaded before import = 0
Number of asset objects unloaded after import = 3
========================================================================
Received Import Request.
  Time since last request: 1.235961 seconds.
  path: Assets/TileMaps/Suelo_sprite_2/castle_env_122.asset
  artifactKey: Guid(deca74fe2189b614a878ebd009f17766) Importer(815301076,1909f56bfc062723c751e8b465ee728b)
Start importing Assets/TileMaps/Suelo_sprite_2/castle_env_122.asset using Guid(deca74fe2189b614a878ebd009f17766) Importer(815301076,1909f56bfc062723c751e8b465ee728b) [PhysX] Initialized MultithreadedTaskDispatcher with 12 workers.
 -> (artifact id: 'd9809927fd138eff640fb29b1d73748c') in 0.010532 seconds
Number of updated asset objects reloaded before import = 0
Number of asset objects unloaded after import = 3
========================================================================
Received Import Request.
  Time since last request: 0.000025 seconds.
  path: Assets/TileMaps/Suelo_sprite_2/castle_env_124.asset
  artifactKey: Guid(51def67ac1e85f8428ea8a5285a5df90) Importer(815301076,1909f56bfc062723c751e8b465ee728b)
Start importing Assets/TileMaps/Suelo_sprite_2/castle_env_124.asset using Guid(51def67ac1e85f8428ea8a5285a5df90) Importer(815301076,1909f56bfc062723c751e8b465ee728b) [PhysX] Initialized MultithreadedTaskDispatcher with 12 workers.
 -> (artifact id: '784432b6540a0f77e5308f52cbd0df1c') in 0.012182 seconds
Number of updated asset objects reloaded before import = 0
Number of asset objects unloaded after import = 3
========================================================================
Received Import Request.
  Time since last request: 0.000023 seconds.
  path: Assets/TileMaps/Suelo_sprite_2/castle_env_126.asset
  artifactKey: Guid(4cad18fde6a931f479a05cb2d0023156) Importer(815301076,1909f56bfc062723c751e8b465ee728b)
Start importing Assets/TileMaps/Suelo_sprite_2/castle_env_126.asset using Guid(4cad18fde6a931f479a05cb2d0023156) Importer(815301076,1909f56bfc062723c751e8b465ee728b) [PhysX] Initialized MultithreadedTaskDispatcher with 12 workers.
 -> (artifact id: 'b800e7e6e5fa78fcdca93cb9d471004f') in 0.012408 seconds
Number of updated asset objects reloaded before import = 0
Number of asset objects unloaded after import = 3
========================================================================
Received Import Request.
  Time since last request: 0.000025 seconds.
  path: Assets/TileMaps/Suelo_sprite_2/castle_env_128.asset
  artifactKey: Guid(96568b3a7074d1d49881738092aba24b) Importer(815301076,1909f56bfc062723c751e8b465ee728b)
Start importing Assets/TileMaps/Suelo_sprite_2/castle_env_128.asset using Guid(96568b3a7074d1d49881738092aba24b) Importer(815301076,1909f56bfc062723c751e8b465ee728b) [PhysX] Initialized MultithreadedTaskDispatcher with 12 workers.
 -> (artifact id: '833dc4e0c36cd3985a38bb6e0fd5ca43') in 0.011542 seconds
Number of updated asset objects reloaded before import = 0
Number of asset objects unloaded after import = 3
========================================================================
Received Import Request.
  Time since last request: 0.000021 seconds.
  path: Assets/TileMaps/Suelo_sprite_2/castle_env_130.asset
  artifactKey: Guid(1a9f3315322c05c4abecb5fa4f12e812) Importer(815301076,1909f56bfc062723c751e8b465ee728b)
Start importing Assets/TileMaps/Suelo_sprite_2/castle_env_130.asset using Guid(1a9f3315322c05c4abecb5fa4f12e812) Importer(815301076,1909f56bfc062723c751e8b465ee728b) [PhysX] Initialized MultithreadedTaskDispatcher with 12 workers.
 -> (artifact id: 'f18d18234ff5812ca818b58dced7735e') in 0.006976 seconds
Number of updated asset objects reloaded before import = 0
Number of asset objects unloaded after import = 3
========================================================================
Received Import Request.
  Time since last request: 0.003166 seconds.
  path: Assets/TileMaps/Suelo_sprite_2/castle_env_132.asset
  artifactKey: Guid(ea76ebe25a34c184cb4c94512268244c) Importer(815301076,1909f56bfc062723c751e8b465ee728b)
Start importing Assets/TileMaps/Suelo_sprite_2/castle_env_132.asset using Guid(ea76ebe25a34c184cb4c94512268244c) Importer(815301076,1909f56bfc062723c751e8b465ee728b) [PhysX] Initialized MultithreadedTaskDispatcher with 12 workers.
 -> (artifact id: '1d45e5f21f7c79abce19d930bc7066a4') in 0.013866 seconds
Number of updated asset objects reloaded before import = 0
Number of asset objects unloaded after import = 3
========================================================================
Received Import Request.
  Time since last request: 0.002624 seconds.
  path: Assets/TileMaps/Suelo_sprite_2/castle_env_156.asset
  artifactKey: Guid(ce2900bf521d40e4eb681320367bf2ef) Importer(815301076,1909f56bfc062723c751e8b465ee728b)
Start importing Assets/TileMaps/Suelo_sprite_2/castle_env_156.asset using Guid(ce2900bf521d40e4eb681320367bf2ef) Importer(815301076,1909f56bfc062723c751e8b465ee728b) [PhysX] Initialized MultithreadedTaskDispatcher with 12 workers.
 -> (artifact id: 'ff26c633d1d28e597217d53bfc7cfb8c') in 0.011538 seconds
Number of updated asset objects reloaded before import = 0
Number of asset objects unloaded after import = 3
========================================================================
Received Import Request.
  Time since last request: 0.005852 seconds.
  path: Assets/TileMaps/Suelo_sprite_2/castle_env_159.asset
  artifactKey: Guid(8913a46e02c2a9246a9eded68019d94c) Importer(815301076,1909f56bfc062723c751e8b465ee728b)
Start importing Assets/TileMaps/Suelo_sprite_2/castle_env_159.asset using Guid(8913a46e02c2a9246a9eded68019d94c) Importer(815301076,1909f56bfc062723c751e8b465ee728b) [PhysX] Initialized MultithreadedTaskDispatcher with 12 workers.
 -> (artifact id: '9d710e5522edce9a0985d70a9b4a9250') in 0.009875 seconds
Number of updated asset objects reloaded before import = 0
Number of asset objects unloaded after import = 3
========================================================================
Received Import Request.
  Time since last request: 0.004567 seconds.
  path: Assets/TileMaps/Suelo_sprite_2/castle_env_162.asset
  artifactKey: Guid(14cfc97f715af484c8c807083cfd292f) Importer(815301076,1909f56bfc062723c751e8b465ee728b)
Start importing Assets/TileMaps/Suelo_sprite_2/castle_env_162.asset using Guid(14cfc97f715af484c8c807083cfd292f) Importer(815301076,1909f56bfc062723c751e8b465ee728b) [PhysX] Initialized MultithreadedTaskDispatcher with 12 workers.
 -> (artifact id: '572aefff2da0ac27fda497c1c2c6aa7a') in 0.010072 seconds
Number of updated asset objects reloaded before import = 0
Number of asset objects unloaded after import = 3
========================================================================
Received Import Request.
  Time since last request: 0.003885 seconds.
  path: Assets/TileMaps/Suelo_sprite_2/castle_env_165.asset
  artifactKey: Guid(ba58918a4d904da4abf4439cda5d905b) Importer(815301076,1909f56bfc062723c751e8b465ee728b)
Start importing Assets/TileMaps/Suelo_sprite_2/castle_env_165.asset using Guid(ba58918a4d904da4abf4439cda5d905b) Importer(815301076,1909f56bfc062723c751e8b465ee728b) [PhysX] Initialized MultithreadedTaskDispatcher with 12 workers.
 -> (artifact id: '04a8dbe9391c7d70948da2ad4dae7bbb') in 0.010104 seconds
Number of updated asset objects reloaded before import = 0
Number of asset objects unloaded after import = 3
========================================================================
Received Import Request.
  Time since last request: 0.005542 seconds.
  path: Assets/TileMaps/Suelo_sprite_2/castle_env_168.asset
  artifactKey: Guid(95a4dcbda09a18145a2964b09dc556c4) Importer(815301076,1909f56bfc062723c751e8b465ee728b)
Start importing Assets/TileMaps/Suelo_sprite_2/castle_env_168.asset using Guid(95a4dcbda09a18145a2964b09dc556c4) Importer(815301076,1909f56bfc062723c751e8b465ee728b) [PhysX] Initialized MultithreadedTaskDispatcher with 12 workers.
 -> (artifact id: '63b41075c0a71c4b4c0bf3914ddefb48') in 0.011746 seconds
Number of updated asset objects reloaded before import = 0
Number of asset objects unloaded after import = 3
========================================================================
Received Import Request.
  Time since last request: 0.003213 seconds.
  path: Assets/TileMaps/Suelo_sprite_2/castle_env_171.asset
  artifactKey: Guid(f0ea9446bcdf1ed45a52fef9e9e795a3) Importer(815301076,1909f56bfc062723c751e8b465ee728b)
Start importing Assets/TileMaps/Suelo_sprite_2/castle_env_171.asset using Guid(f0ea9446bcdf1ed45a52fef9e9e795a3) Importer(815301076,1909f56bfc062723c751e8b465ee728b) [PhysX] Initialized MultithreadedTaskDispatcher with 12 workers.
 -> (artifact id: '9f502525851f6d083894c1ac3264855a') in 0.010422 seconds
Number of updated asset objects reloaded before import = 0
Number of asset objects unloaded after import = 3
========================================================================
Received Import Request.
  Time since last request: 0.005051 seconds.
  path: Assets/TileMaps/Suelo_sprite_2/castle_env_174.asset
  artifactKey: Guid(8347075d904de6446898e336d3827493) Importer(815301076,1909f56bfc062723c751e8b465ee728b)
Start importing Assets/TileMaps/Suelo_sprite_2/castle_env_174.asset using Guid(8347075d904de6446898e336d3827493) Importer(815301076,1909f56bfc062723c751e8b465ee728b) [PhysX] Initialized MultithreadedTaskDispatcher with 12 workers.
 -> (artifact id: 'a60b7437c1332848a433b209766f9b06') in 0.010699 seconds
Number of updated asset objects reloaded before import = 0
Number of asset objects unloaded after import = 3
========================================================================
Received Import Request.
  Time since last request: 0.005377 seconds.
  path: Assets/TileMaps/Suelo_sprite_2/castle_env_177.asset
  artifactKey: Guid(0fa1b7da016718948868a701df54e4c6) Importer(815301076,1909f56bfc062723c751e8b465ee728b)
Start importing Assets/TileMaps/Suelo_sprite_2/castle_env_177.asset using Guid(0fa1b7da016718948868a701df54e4c6) Importer(815301076,1909f56bfc062723c751e8b465ee728b) [PhysX] Initialized MultithreadedTaskDispatcher with 12 workers.
 -> (artifact id: '6ba8ed1205737b097ddb0dcbc3bea959') in 0.010265 seconds
Number of updated asset objects reloaded before import = 0
Number of asset objects unloaded after import = 3
========================================================================
Received Import Request.
  Time since last request: 0.000033 seconds.
  path: Assets/TileMaps/Suelo_sprite_2/castle_env_179.asset
  artifactKey: Guid(86b44649e2d0df142a3a32453c965478) Importer(815301076,1909f56bfc062723c751e8b465ee728b)
Start importing Assets/TileMaps/Suelo_sprite_2/castle_env_179.asset using Guid(86b44649e2d0df142a3a32453c965478) Importer(815301076,1909f56bfc062723c751e8b465ee728b) [PhysX] Initialized MultithreadedTaskDispatcher with 12 workers.
 -> (artifact id: 'da96398794eee79a41049e47af562ac0') in 0.010000 seconds
Number of updated asset objects reloaded before import = 0
Number of asset objects unloaded after import = 3
========================================================================
Received Import Request.
  Time since last request: 0.005427 seconds.
  path: Assets/TileMaps/Suelo_sprite_2/castle_env_182.asset
  artifactKey: Guid(d020cb8fcf7f1fa418a07f873b1ea8e9) Importer(815301076,1909f56bfc062723c751e8b465ee728b)
Start importing Assets/TileMaps/Suelo_sprite_2/castle_env_182.asset using Guid(d020cb8fcf7f1fa418a07f873b1ea8e9) Importer(815301076,1909f56bfc062723c751e8b465ee728b) [PhysX] Initialized MultithreadedTaskDispatcher with 12 workers.
 -> (artifact id: '63b57af82213ecd3b866e18cd77a9e4a') in 0.011030 seconds
Number of updated asset objects reloaded before import = 0
Number of asset objects unloaded after import = 3
========================================================================
Received Import Request.
  Time since last request: 0.004110 seconds.
  path: Assets/TileMaps/Suelo_sprite_2/castle_env_185.asset
  artifactKey: Guid(052bc36b06b311b49b5e1ac66c64065e) Importer(815301076,1909f56bfc062723c751e8b465ee728b)
Start importing Assets/TileMaps/Suelo_sprite_2/castle_env_185.asset using Guid(052bc36b06b311b49b5e1ac66c64065e) Importer(815301076,1909f56bfc062723c751e8b465ee728b) [PhysX] Initialized MultithreadedTaskDispatcher with 12 workers.
 -> (artifact id: '3ccb698f8d72cf1d77c79370bc133d72') in 0.010681 seconds
Number of updated asset objects reloaded before import = 0
Number of asset objects unloaded after import = 3
========================================================================
Received Import Request.
  Time since last request: 0.005298 seconds.
  path: Assets/TileMaps/Suelo_sprite_2/castle_env_188.asset
  artifactKey: Guid(2f7c756119be1b2448fe369c6fd44434) Importer(815301076,1909f56bfc062723c751e8b465ee728b)
Start importing Assets/TileMaps/Suelo_sprite_2/castle_env_188.asset using Guid(2f7c756119be1b2448fe369c6fd44434) Importer(815301076,1909f56bfc062723c751e8b465ee728b) [PhysX] Initialized MultithreadedTaskDispatcher with 12 workers.
 -> (artifact id: '8597a33c07df02f114a8227a973549ea') in 0.010230 seconds
Number of updated asset objects reloaded before import = 0
Number of asset objects unloaded after import = 3
========================================================================
Received Import Request.
  Time since last request: 0.005999 seconds.
  path: Assets/TileMaps/Suelo_sprite_2/castle_env_191.asset
  artifactKey: Guid(1b3d41e33e2f73c489f727d8be8b0c72) Importer(815301076,1909f56bfc062723c751e8b465ee728b)
Start importing Assets/TileMaps/Suelo_sprite_2/castle_env_191.asset using Guid(1b3d41e33e2f73c489f727d8be8b0c72) Importer(815301076,1909f56bfc062723c751e8b465ee728b) [PhysX] Initialized MultithreadedTaskDispatcher with 12 workers.
 -> (artifact id: 'aec24cedb6448b2ee5e114d93592f90d') in 0.011118 seconds
Number of updated asset objects reloaded before import = 0
Number of asset objects unloaded after import = 3
========================================================================
Received Import Request.
  Time since last request: 0.071694 seconds.
  path: Assets/TileMaps/Suelo_sprite_2/castle_env_194.asset
  artifactKey: Guid(c1222bb619db7ce4a9a2835ca7677833) Importer(815301076,1909f56bfc062723c751e8b465ee728b)
Start importing Assets/TileMaps/Suelo_sprite_2/castle_env_194.asset using Guid(c1222bb619db7ce4a9a2835ca7677833) Importer(815301076,1909f56bfc062723c751e8b465ee728b) [PhysX] Initialized MultithreadedTaskDispatcher with 12 workers.
 -> (artifact id: '1c96daf05b709c8f5a51b35e5cf91fc9') in 0.012041 seconds
Number of updated asset objects reloaded before import = 0
Number of asset objects unloaded after import = 3
========================================================================
Received Import Request.
  Time since last request: 0.005633 seconds.
  path: Assets/TileMaps/Suelo_sprite_2/castle_env_197.asset
  artifactKey: Guid(8a37c05f87e381b4b828e104e1e5329a) Importer(815301076,1909f56bfc062723c751e8b465ee728b)
Start importing Assets/TileMaps/Suelo_sprite_2/castle_env_197.asset using Guid(8a37c05f87e381b4b828e104e1e5329a) Importer(815301076,1909f56bfc062723c751e8b465ee728b) [PhysX] Initialized MultithreadedTaskDispatcher with 12 workers.
 -> (artifact id: '6178cea35d969d69a4daf9078ee07ca5') in 0.010036 seconds
Number of updated asset objects reloaded before import = 0
Number of asset objects unloaded after import = 3
========================================================================
Received Import Request.
  Time since last request: 0.008038 seconds.
  path: Assets/TileMaps/Suelo_sprite_2/castle_env_200.asset
  artifactKey: Guid(089edc4e5db2e0e459710aba7986870f) Importer(815301076,1909f56bfc062723c751e8b465ee728b)
Start importing Assets/TileMaps/Suelo_sprite_2/castle_env_200.asset using Guid(089edc4e5db2e0e459710aba7986870f) Importer(815301076,1909f56bfc062723c751e8b465ee728b) [PhysX] Initialized MultithreadedTaskDispatcher with 12 workers.
 -> (artifact id: 'd469dbff9d949c3232c837e8e1650b75') in 0.014654 seconds
Number of updated asset objects reloaded before import = 0
Number of asset objects unloaded after import = 3
========================================================================
Received Import Request.
  Time since last request: 0.003713 seconds.
  path: Assets/TileMaps/Suelo_sprite_2/castle_env_203.asset
  artifactKey: Guid(e089b8b0f516b334f997e0f185ff3967) Importer(815301076,1909f56bfc062723c751e8b465ee728b)
Start importing Assets/TileMaps/Suelo_sprite_2/castle_env_203.asset using Guid(e089b8b0f516b334f997e0f185ff3967) Importer(815301076,1909f56bfc062723c751e8b465ee728b) [PhysX] Initialized MultithreadedTaskDispatcher with 12 workers.
 -> (artifact id: 'aca747564b99a5a73594abf7f1c1d9e9') in 0.014088 seconds
Number of updated asset objects reloaded before import = 0
Number of asset objects unloaded after import = 3
========================================================================
Received Import Request.
  Time since last request: 0.003936 seconds.
  path: Assets/TileMaps/Suelo_sprite_2/castle_env_206.asset
  artifactKey: Guid(870600615da4b9143b96e38efa51d974) Importer(815301076,1909f56bfc062723c751e8b465ee728b)
Start importing Assets/TileMaps/Suelo_sprite_2/castle_env_206.asset using Guid(870600615da4b9143b96e38efa51d974) Importer(815301076,1909f56bfc062723c751e8b465ee728b) [PhysX] Initialized MultithreadedTaskDispatcher with 12 workers.
 -> (artifact id: '205871c664e58be903bce0c879730181') in 0.013041 seconds
Number of updated asset objects reloaded before import = 0
Number of asset objects unloaded after import = 3
========================================================================
Received Import Request.
  Time since last request: 0.002283 seconds.
  path: Assets/TileMaps/Suelo_sprite_2/castle_env_209.asset
  artifactKey: Guid(7bb9fd864cd9d5943a79e81dcd7c0f27) Importer(815301076,1909f56bfc062723c751e8b465ee728b)
Start importing Assets/TileMaps/Suelo_sprite_2/castle_env_209.asset using Guid(7bb9fd864cd9d5943a79e81dcd7c0f27) Importer(815301076,1909f56bfc062723c751e8b465ee728b) [PhysX] Initialized MultithreadedTaskDispatcher with 12 workers.
 -> (artifact id: 'c1ebc0a7033dc2308c6a8e1a1f00b9a1') in 0.016770 seconds
Number of updated asset objects reloaded before import = 0
Number of asset objects unloaded after import = 3
========================================================================
Received Import Request.
  Time since last request: 0.001570 seconds.
  path: Assets/TileMaps/Suelo_sprite_2/castle_env_212.asset
  artifactKey: Guid(131ec6eea3d52e8438119b211dd206c6) Importer(815301076,1909f56bfc062723c751e8b465ee728b)
Start importing Assets/TileMaps/Suelo_sprite_2/castle_env_212.asset using Guid(131ec6eea3d52e8438119b211dd206c6) Importer(815301076,1909f56bfc062723c751e8b465ee728b) [PhysX] Initialized MultithreadedTaskDispatcher with 12 workers.
 -> (artifact id: 'd8de6274fb31a9aa496d72cf81593fbe') in 0.011872 seconds
Number of updated asset objects reloaded before import = 0
Number of asset objects unloaded after import = 3
========================================================================
Received Import Request.
  Time since last request: 0.006814 seconds.
  path: Assets/TileMaps/Suelo_sprite_2/castle_env_215.asset
  artifactKey: Guid(f5f3a5c9bcb007d4dbcf8f77c01a4038) Importer(815301076,1909f56bfc062723c751e8b465ee728b)
Start importing Assets/TileMaps/Suelo_sprite_2/castle_env_215.asset using Guid(f5f3a5c9bcb007d4dbcf8f77c01a4038) Importer(815301076,1909f56bfc062723c751e8b465ee728b) [PhysX] Initialized MultithreadedTaskDispatcher with 12 workers.
 -> (artifact id: '2aa15d7abb6ffb31a6ffe4f410df1c3c') in 0.012777 seconds
Number of updated asset objects reloaded before import = 0
Number of asset objects unloaded after import = 3
========================================================================
Received Import Request.
  Time since last request: 0.018908 seconds.
  path: Assets/TileMaps/Suelo_sprite_2/castle_env_218.asset
  artifactKey: Guid(49af52935a8c2a44e8b00129c3f63466) Importer(815301076,1909f56bfc062723c751e8b465ee728b)
Start importing Assets/TileMaps/Suelo_sprite_2/castle_env_218.asset using Guid(49af52935a8c2a44e8b00129c3f63466) Importer(815301076,1909f56bfc062723c751e8b465ee728b) [PhysX] Initialized MultithreadedTaskDispatcher with 12 workers.
 -> (artifact id: '13ce9989e4b0c7bc426091eb214a6403') in 0.010969 seconds
Number of updated asset objects reloaded before import = 0
Number of asset objects unloaded after import = 3
========================================================================
Received Import Request.
  Time since last request: 0.004749 seconds.
  path: Assets/TileMaps/Suelo_sprite_2/castle_env_221.asset
  artifactKey: Guid(9fc027cc35059484f9bb24846e7b4b05) Importer(815301076,1909f56bfc062723c751e8b465ee728b)
Start importing Assets/TileMaps/Suelo_sprite_2/castle_env_221.asset using Guid(9fc027cc35059484f9bb24846e7b4b05) Importer(815301076,1909f56bfc062723c751e8b465ee728b) [PhysX] Initialized MultithreadedTaskDispatcher with 12 workers.
 -> (artifact id: '8afb1bcf9e1056cddbb112614f4471f2') in 0.010707 seconds
Number of updated asset objects reloaded before import = 0
Number of asset objects unloaded after import = 3
========================================================================
Received Import Request.
  Time since last request: 0.004577 seconds.
  path: Assets/TileMaps/Suelo_sprite_2/castle_env_224.asset
  artifactKey: Guid(2186767d50cc4fe47bf0b6870085f713) Importer(815301076,1909f56bfc062723c751e8b465ee728b)
Start importing Assets/TileMaps/Suelo_sprite_2/castle_env_224.asset using Guid(2186767d50cc4fe47bf0b6870085f713) Importer(815301076,1909f56bfc062723c751e8b465ee728b) [PhysX] Initialized MultithreadedTaskDispatcher with 12 workers.
 -> (artifact id: '49780d0e08cf7e827a564ad4c4a7df9e') in 0.006224 seconds
Number of updated asset objects reloaded before import = 0
Number of asset objects unloaded after import = 3
========================================================================
Received Import Request.
  Time since last request: 0.004326 seconds.
  path: Assets/TileMaps/Suelo_sprite_2/castle_env_226.asset
  artifactKey: Guid(83947a34906c1bb41baf3c39492c106b) Importer(815301076,1909f56bfc062723c751e8b465ee728b)
Start importing Assets/TileMaps/Suelo_sprite_2/castle_env_226.asset using Guid(83947a34906c1bb41baf3c39492c106b) Importer(815301076,1909f56bfc062723c751e8b465ee728b) [PhysX] Initialized MultithreadedTaskDispatcher with 12 workers.
 -> (artifact id: 'a477ddab92d2f3a9c7ec370cafd45453') in 0.010571 seconds
Number of updated asset objects reloaded before import = 0
Number of asset objects unloaded after import = 3
========================================================================
Received Import Request.
  Time since last request: 0.017936 seconds.
  path: Assets/TileMaps/Suelo_sprite_2/castle_env_253.asset
  artifactKey: Guid(c1b5c1e36be657341beff33677f8df33) Importer(815301076,1909f56bfc062723c751e8b465ee728b)
Start importing Assets/TileMaps/Suelo_sprite_2/castle_env_253.asset using Guid(c1b5c1e36be657341beff33677f8df33) Importer(815301076,1909f56bfc062723c751e8b465ee728b) [PhysX] Initialized MultithreadedTaskDispatcher with 12 workers.
 -> (artifact id: '25ca883005c744f894c21197b8d2c66d') in 0.005934 seconds
Number of updated asset objects reloaded before import = 0
Number of asset objects unloaded after import = 3
========================================================================
Received Import Request.
  Time since last request: 0.004692 seconds.
  path: Assets/TileMaps/Suelo_sprite_2/castle_env_255.asset
  artifactKey: Guid(88e8dc1a34c258948b169382b6c497f8) Importer(815301076,1909f56bfc062723c751e8b465ee728b)
Start importing Assets/TileMaps/Suelo_sprite_2/castle_env_255.asset using Guid(88e8dc1a34c258948b169382b6c497f8) Importer(815301076,1909f56bfc062723c751e8b465ee728b) [PhysX] Initialized MultithreadedTaskDispatcher with 12 workers.
 -> (artifact id: '77def52b6eb0aac6f97f35d4cd3b8ce0') in 0.009710 seconds
Number of updated asset objects reloaded before import = 0
Number of asset objects unloaded after import = 3
========================================================================
Received Import Request.
  Time since last request: 0.000332 seconds.
  path: Assets/TileMaps/Suelo_sprite_2/castle_env_257.asset
  artifactKey: Guid(a18f1f00e108b7c4b9b937ee5f795549) Importer(815301076,1909f56bfc062723c751e8b465ee728b)
Start importing Assets/TileMaps/Suelo_sprite_2/castle_env_257.asset using Guid(a18f1f00e108b7c4b9b937ee5f795549) Importer(815301076,1909f56bfc062723c751e8b465ee728b) [PhysX] Initialized MultithreadedTaskDispatcher with 12 workers.
 -> (artifact id: '90225ce2754ec0c14edb4eae7efd3d1d') in 0.009042 seconds
Number of updated asset objects reloaded before import = 0
Number of asset objects unloaded after import = 3
========================================================================
Received Import Request.
  Time since last request: 0.001260 seconds.
  path: Assets/TileMaps/Suelo_sprite_2/castle_env_259.asset
  artifactKey: Guid(40f48de77b99e8b489c298ea66f7dffa) Importer(815301076,1909f56bfc062723c751e8b465ee728b)
Start importing Assets/TileMaps/Suelo_sprite_2/castle_env_259.asset using Guid(40f48de77b99e8b489c298ea66f7dffa) Importer(815301076,1909f56bfc062723c751e8b465ee728b) [PhysX] Initialized MultithreadedTaskDispatcher with 12 workers.
 -> (artifact id: '1da1b6489641a54774b59f0104ae7beb') in 0.011190 seconds
Number of updated asset objects reloaded before import = 0
Number of asset objects unloaded after import = 3
========================================================================
Received Import Request.
  Time since last request: 0.003498 seconds.
  path: Assets/TileMaps/Suelo_sprite_2/castle_env_262.asset
  artifactKey: Guid(92001ed01a749d84782162ad6a78edff) Importer(815301076,1909f56bfc062723c751e8b465ee728b)
Start importing Assets/TileMaps/Suelo_sprite_2/castle_env_262.asset using Guid(92001ed01a749d84782162ad6a78edff) Importer(815301076,1909f56bfc062723c751e8b465ee728b) [PhysX] Initialized MultithreadedTaskDispatcher with 12 workers.
 -> (artifact id: '35a2b452c45e78003901af03e1e8ff91') in 0.010698 seconds
Number of updated asset objects reloaded before import = 0
Number of asset objects unloaded after import = 3
========================================================================
Received Import Request.
  Time since last request: 0.003945 seconds.
  path: Assets/TileMaps/Suelo_sprite_2/castle_env_265.asset
  artifactKey: Guid(cbc1663c9dc7c9c40846939b0158c6f8) Importer(815301076,1909f56bfc062723c751e8b465ee728b)
Start importing Assets/TileMaps/Suelo_sprite_2/castle_env_265.asset using Guid(cbc1663c9dc7c9c40846939b0158c6f8) Importer(815301076,1909f56bfc062723c751e8b465ee728b) [PhysX] Initialized MultithreadedTaskDispatcher with 12 workers.
 -> (artifact id: 'ddbfb42d9497047e07f136422abd938f') in 0.005334 seconds
Number of updated asset objects reloaded before import = 0
Number of asset objects unloaded after import = 3
========================================================================
Received Import Request.
  Time since last request: 0.004693 seconds.
  path: Assets/TileMaps/Suelo_sprite_2/castle_env_267.asset
  artifactKey: Guid(995f2b69195dbd0408b753278ee6069f) Importer(815301076,1909f56bfc062723c751e8b465ee728b)
Start importing Assets/TileMaps/Suelo_sprite_2/castle_env_267.asset using Guid(995f2b69195dbd0408b753278ee6069f) Importer(815301076,1909f56bfc062723c751e8b465ee728b) [PhysX] Initialized MultithreadedTaskDispatcher with 12 workers.
 -> (artifact id: 'b70ad583d058210138735f152e13f5e9') in 0.010398 seconds
Number of updated asset objects reloaded before import = 0
Number of asset objects unloaded after import = 3
========================================================================
Received Import Request.
  Time since last request: 0.004248 seconds.
  path: Assets/TileMaps/Suelo_sprite_2/castle_env_270.asset
  artifactKey: Guid(32f5f18ee0eaed34ea1da921070d7685) Importer(815301076,1909f56bfc062723c751e8b465ee728b)
Start importing Assets/TileMaps/Suelo_sprite_2/castle_env_270.asset using Guid(32f5f18ee0eaed34ea1da921070d7685) Importer(815301076,1909f56bfc062723c751e8b465ee728b) [PhysX] Initialized MultithreadedTaskDispatcher with 12 workers.
 -> (artifact id: 'e6da2a4d19161fa2d08ca0eccb5fc254') in 0.010731 seconds
Number of updated asset objects reloaded before import = 0
Number of asset objects unloaded after import = 3
========================================================================
Received Import Request.
  Time since last request: 0.004193 seconds.
  path: Assets/TileMaps/Suelo_sprite_2/castle_env_273.asset
  artifactKey: Guid(348b418e8f2f03a4086d32d55f6f511e) Importer(815301076,1909f56bfc062723c751e8b465ee728b)
Start importing Assets/TileMaps/Suelo_sprite_2/castle_env_273.asset using Guid(348b418e8f2f03a4086d32d55f6f511e) Importer(815301076,1909f56bfc062723c751e8b465ee728b) [PhysX] Initialized MultithreadedTaskDispatcher with 12 workers.
 -> (artifact id: '2df51af5e896d5c6dc5419b0e40b6808') in 0.009701 seconds
Number of updated asset objects reloaded before import = 0
Number of asset objects unloaded after import = 3
========================================================================
Received Import Request.
  Time since last request: 0.000019 seconds.
  path: Assets/TileMaps/Suelo_sprite_2/castle_env_275.asset
  artifactKey: Guid(b18e21dc48366a844a5a54e92260647e) Importer(815301076,1909f56bfc062723c751e8b465ee728b)
Start importing Assets/TileMaps/Suelo_sprite_2/castle_env_275.asset using Guid(b18e21dc48366a844a5a54e92260647e) Importer(815301076,1909f56bfc062723c751e8b465ee728b) [PhysX] Initialized MultithreadedTaskDispatcher with 12 workers.
 -> (artifact id: '6cea1b18691bb4ebda317a3446472141') in 0.009910 seconds
Number of updated asset objects reloaded before import = 0
Number of asset objects unloaded after import = 3
========================================================================
Received Import Request.
  Time since last request: 0.000023 seconds.
  path: Assets/TileMaps/Suelo_sprite_2/castle_env_277.asset
  artifactKey: Guid(5606804c131586c40a835db5ba4c10f3) Importer(815301076,1909f56bfc062723c751e8b465ee728b)
Start importing Assets/TileMaps/Suelo_sprite_2/castle_env_277.asset using Guid(5606804c131586c40a835db5ba4c10f3) Importer(815301076,1909f56bfc062723c751e8b465ee728b) [PhysX] Initialized MultithreadedTaskDispatcher with 12 workers.
 -> (artifact id: '4ed5a71c909ac695d6ed90f01dd17ec7') in 0.009354 seconds
Number of updated asset objects reloaded before import = 0
Number of asset objects unloaded after import = 3
========================================================================
Received Import Request.
  Time since last request: 0.000023 seconds.
  path: Assets/TileMaps/Suelo_sprite_2/castle_env_279.asset
  artifactKey: Guid(fd8365562cf079249bcbdcb855cd1507) Importer(815301076,1909f56bfc062723c751e8b465ee728b)
Start importing Assets/TileMaps/Suelo_sprite_2/castle_env_279.asset using Guid(fd8365562cf079249bcbdcb855cd1507) Importer(815301076,1909f56bfc062723c751e8b465ee728b) [PhysX] Initialized MultithreadedTaskDispatcher with 12 workers.
 -> (artifact id: '95c7267d459029711f2528a35fde9d3a') in 0.010091 seconds
Number of updated asset objects reloaded before import = 0
Number of asset objects unloaded after import = 3
========================================================================
Received Import Request.
  Time since last request: 0.004253 seconds.
  path: Assets/TileMaps/Suelo_sprite_2/castle_env_282.asset
  artifactKey: Guid(d3ee75b427e1518438267e8ad943ae95) Importer(815301076,1909f56bfc062723c751e8b465ee728b)
Start importing Assets/TileMaps/Suelo_sprite_2/castle_env_282.asset using Guid(d3ee75b427e1518438267e8ad943ae95) Importer(815301076,1909f56bfc062723c751e8b465ee728b) [PhysX] Initialized MultithreadedTaskDispatcher with 12 workers.
 -> (artifact id: 'c1d4e9294cdab7f49f889ca13e984535') in 0.010035 seconds
Number of updated asset objects reloaded before import = 0
Number of asset objects unloaded after import = 3
========================================================================
Received Import Request.
  Time since last request: 0.005548 seconds.
  path: Assets/TileMaps/Suelo_sprite_2/castle_env_285.asset
  artifactKey: Guid(ede0e84f44725c8498dd03a00e359ce1) Importer(815301076,1909f56bfc062723c751e8b465ee728b)
Start importing Assets/TileMaps/Suelo_sprite_2/castle_env_285.asset using Guid(ede0e84f44725c8498dd03a00e359ce1) Importer(815301076,1909f56bfc062723c751e8b465ee728b) [PhysX] Initialized MultithreadedTaskDispatcher with 12 workers.
 -> (artifact id: '41be4fd7d1c58398278c518b566bff4d') in 0.005343 seconds
Number of updated asset objects reloaded before import = 0
Number of asset objects unloaded after import = 3
========================================================================
Received Import Request.
  Time since last request: 0.004315 seconds.
  path: Assets/TileMaps/Suelo_sprite_2/castle_env_287.asset
  artifactKey: Guid(f44f2590760a78942832de8e301d089d) Importer(815301076,1909f56bfc062723c751e8b465ee728b)
Start importing Assets/TileMaps/Suelo_sprite_2/castle_env_287.asset using Guid(f44f2590760a78942832de8e301d089d) Importer(815301076,1909f56bfc062723c751e8b465ee728b) [PhysX] Initialized MultithreadedTaskDispatcher with 12 workers.
 -> (artifact id: '70f815eb459c2b4c46bed703ca04ce60') in 0.005241 seconds
Number of updated asset objects reloaded before import = 0
Number of asset objects unloaded after import = 3
========================================================================
Received Prepare
Caller must complete domain reload
Begin MonoManager ReloadAssembly
- Loaded All Assemblies, in 15.874 seconds
Native extension for WindowsStandalone target not found
Native extension for WebGL target not found
[Package Manager] Server::EnsureServerProcessIsRunning -- launch failed, reason: Unity was launched with the -noUpm command-line argument
[Package Manager] UpmClient::Send -- Unable to send message (not connected to UPM process).
[Package Manager] Cannot connect to Unity Package Manager local server
Mono: successfully reloaded assembly
- Finished resetting the current domain, in  0.980 seconds
Domain Reload Profiling: 16853ms
	BeginReloadAssembly (12790ms)
		ExecutionOrderSort (0ms)
		DisableScriptedObjects (12478ms)
		BackupInstance (0ms)
		ReleaseScriptingObjects (0ms)
		CreateAndSetChildDomain (107ms)
	RebuildCommonClasses (158ms)
	RebuildNativeTypeToScriptingClass (12ms)
	initialDomainReloadingComplete (47ms)
	LoadAllAssembliesAndSetupDomain (2865ms)
		LoadAssemblies (2999ms)
		RebuildTransferFunctionScriptingTraits (0ms)
		AnalyzeDomain (23ms)
			TypeCache.Refresh (13ms)
				TypeCache.ScanAssembly (0ms)
			ScanForSourceGeneratedMonoScriptInfo (0ms)
			ResolveRequiredComponents (8ms)
	FinalizeReload (980ms)
		ReleaseScriptCaches (0ms)
		RebuildScriptCaches (0ms)
		SetupLoadedEditorAssemblies (751ms)
			LogAssemblyErrors (0ms)
			InitializePlatformSupportModulesInManaged (9ms)
			SetLoadedEditorAssemblies (5ms)
			RefreshPlugins (0ms)
			BeforeProcessingInitializeOnLoad (80ms)
			ProcessInitializeOnLoadAttributes (616ms)
			ProcessInitializeOnLoadMethodAttributes (33ms)
			AfterProcessingInitializeOnLoad (7ms)
			EditorAssembliesLoaded (0ms)
		ExecutionOrderSort2 (0ms)
		AwakeInstancesAfterBackupRestoration (15ms)
Refreshing native plugins compatible for Editor in 6.00 ms, found 4 plugins.
Preloading 0 native plugins for Editor in 0.00 ms.
Unloading 4024 Unused Serialized files (Serialized files now loaded: 0)
Unloading 25 unused Assets / (213.2 KB). Loaded Objects now: 4505.
Memory consumption went from 148.3 MB to 148.1 MB.
Total: 5.530100 ms (FindLiveObjects: 0.470200 ms CreateObjectMapping: 0.229500 ms MarkObjects: 4.412700 ms  DeleteObjects: 0.415500 ms)

Prepare: number of updated asset objects reloaded= 0
AssetImportParameters requested are different than current active one (requested -> active):
  custom:container-demuxer-ogg: 62fdf1f143b41e24485cea50d1cbac27 -> 
  custom:video-codec-MediaFoundation-h265: 746d11721c4dcdbdad8f713fa42b33f4 -> 
  custom:video-decoder-ogg-theora: a1e56fd34408186e4bbccfd4996cb3dc -> 
  custom:framework-win-MediaFoundation: 216162199b28c13a410421893ffa2e32 -> 
  custom:CustomObjectIndexerAttribute: 9a22284fe3817be447336de3de66b15e -> 
  custom:container-demuxer-webm: 4f35f7cbe854078d1ac9338744f61a02 -> 
  custom:container-muxer-webm: aa71ff27fc2769a1b78a27578f13a17b -> 
  custom:video-decoder-webm-vp8: 9c59270c3fd7afecdb556c50c9e8de78 -> 
  custom:SearchIndexIgnoredProperties: e643bd26f0fe6173181afceb89e7c659 -> 
  custom:AudioImporter_EditorPlatform: d09bf68614088b80899f8185d706f6e7 -> 
  custom:video-encoder-webm-vp8: eb34c28f22e8b96e1ab97ce403110664 -> 
  custom:audio-decoder-ogg-vorbis: bf7c407c2cedff20999df2af8eb42d56 -> 
  custom:audio-encoder-webm-vorbis: bf7c407c2cedff20999df2af8eb42d56 -> 
